8EdS+/858b80bphwb0NNKrCduLG5s5chAn+P+LFubRqG9vfZct++ivwtzWGqHDEdyIu+Z7knGpXi/vNUTlY/mvMh8crLMK8tV7Ru499aS3llIUlWC3quAQ==
nvK0VS/kStSTLVbgmcOp6hHwceNAc3KpuDEXxJ2rN7XGfkhz0iuOF6vpQj2fdbfexBWPeu45BfPY79IVkyVtrhg=
D1SDgTFtRvZjYEyyP5TtCNgLmT0TlGoPs6AYVmGe89TWSlsAJs+BpPo+166jsQ04MIDkRyAQRv3MQO81YwaPXcbHwLcngbZtq23LHn2NeyraEQkTlEdGZUcdca4E
nIggn8zuYQtCIjdY2fQDiB+zeuFcYXO7qSFU1IL+N7/9P08j3jWEAqvpQj2fdbfdwRWPeu45BfPY79IVkyVtrhg=
Nhl905rMKDp12lBTUIl2O87RUkHLkaU+ij8oliEVVX1vSIfXqQD3Pk1qszLGWfNEO4sxt/H81xSuYw==
ehD2FZ8l3CMGv+W3yR/xnY9d8kREad3BNHTEIZs7jcWUZVk5Qb03mQnieJWjQ54jhM31yRuubg==
G4r7epyQ42C3Gmj5LxsqzxZq66/TFsEv1g6ODbsytelaErqigLg+vqMqQYS9yP3H8znqnSfFP1pIZXcaBmnds+Df+jWLNWWuEA==
D0MUhBTxxuFgxnfpTT5yrzZGkelaEwtqi4/yDPBTzHSsLGKZms1OGR6d3kZAniMDEqwPrvstwe6z7Gp9vxj+Z0fmqw2t7TmyM2auFQ==
EM05bv1NpktmdnnObZ6KZR8DtMNgE+zvVNtucQZlYYYHOSjm4Go6/Pz+YW57TOc8jxfBDTD13aEdfmqBDfIcXe+jEqvgPbExZ64S
zA8ZmkQXnMjt8htXhGDEeCuK9hywqmrczP5RTqsdNlAShjFtwLUtwQ19faE8sqz9XyOCC7D94dEXrmI=
KghGLBX+ixBfUBtGR60MaRdq66/TFsEv1g6ODbsytelaErqigLg+vqMqQYS9yP3H8znqnSfFP1JPZXYaBmnds+Df+jWLNWWuEA==
mVP7/f/XdCZVhAx192ZAkTZGkOlaEwtqi4/yDPFTzHSsLGKZms1OGR6d3kZAniMDEqwPrvstwe6z7GJ6vxn+Z0fmqw2t7TmyM2auFQ==
Jc0VX2YV4dB3cPiVybt1GRdq66/TFsEv1g6ODbsytelaErqigLg+vqMqQYS9yP3H8znqnSfFP1NJZXYaBmnds+Df+jWLNWWuEA==
O3AmpKXqBu/do+Fx0NM8qq713GtB0s3pR0Aqo6WFJ6YtHWvBH+vp4gx2kY+wFS4BLoXeXnCGUNQm7s/2S/WhdgN04+QPgZ6/975rVZ01WaoDfq4N
OB4nAsxlJYeEseHwMdZwXg2AtpYPaSXCxnJa45ZWOgRNGkvVwcjTJQK53pWWGV7a+ArTb7oIb1KjmRGie6gjoMfNzkuvgosxtRkpvjtirgk=
8GFeEHOmp8gO7oxZIQtJDUQz3ZV3LzDSCl6U75LG0r0XalGJ/qoWMvwwuj4nor0UEXBZJ5fhRi37jfsTja0q6mqx+ZMEpxYltz1hrhQ=
fcAq6fKFP7nqlmbeoTMuxSckjhnfu+rs/+D6blQ6/NiIkwl6aPzTCqCi5kyPEkmK3L7RR2B9Duk+jd5WYG5wvPYmjz6bnQGek/xjbJ9pPtcndiudTV15QhN2rgU=
kYmbzfYhJmIN71j77qsRKa62gC0Uh/P1U0AEo/uDYuMqF03NANaKoRl0s8GqFS4BLoXeXnCGQ9si9M/2S/WhdgN04+QPgZ6/975rVZ01WaoDfq4N
D4RHgXKyufeR5zMprYUPZGuMl78UBsb4ngcVAn6GqK9unmZtY4L9KRLCgoJoyCa+u9oppIWYNYc7ibJ9T1WH0rH13rpemZVzKI8CVaMFfa4I
QVH5P2DEX4IeozBIAOpZhd+kSRdavlWgFoFoLKqDG9SP2PoPOxl/8eW6nYYFcz630Atm9P+qqTKsBhF/EEXu0U613m4QVpCEhh5Phusl4SbjROLU79Heb1fO66U9ZZl6Y06uPQ==
5CLrAkYxKTB0E/5mvlRTjbOZsbO3udV2SCbCrO55bBuHyoXSZ9Ocgdhi+n2xEBNt0oG+faYBXtLo8vNHSlAvmvMh8crLMKIoV7Vu499aS3llIUlWC3quAQ==
UOvwwovaAESW3iAtWPxAiV7h37p+UUGmrXflOicWLznbFb0+o9lMflz6tnR4fuXm99xbpGt3ZbVsBZFp2TiuycDCQKWLgzazHC29OWOuFg==
Lq/HK1Fa61r+Ud9/frwVmPWr+BUMY9qPg2Upk+6q1GLKVpPhr8UJVk954JbISiIM5P55HmNsz8zH1wld2FVlMWX90hH0krSNp2NamwhdqQF/rgo=
syS1NPctthBWX/ASAPdIZVmeYjq22e0AYSey6pBISEvT2giqjpZXqXN1ZY7rGQQupNqehGB+/Zbf/CN0ozetBTTlOfkhuBNZq2KY1UNDfmMkTVUJe64O
+7ANNHL2m8u/6f4cKfsIuh8DtMNgE+3vVNtucQZlYYYHOSjm4Go6/Pz+YW57TOc8jxfBDTD13aEdf26BD/IcXe+jEqvgPbExZ64S
ByebZfj09IRtqEA0S11oQNgLmT0TlGoPs6AYVmGe89TWSlsAJs+BpPo+166jsQ04MIDkRyAQRv3MQO81YwaPXcbHwLcngbZtq23LGXuNeSraEQkTlEdGZUcdca4E
hzzl30jdKtqg6RjciylKRh+zeuFcYXO7qSFU1IL+N7/9P08j3jWEAqvpQj2fdbfZxxWNeu45BfPY79IVkyVtrhg=
ywO3CLvpqS7yha3tmAGjUEp6IHCJwnuDnwjZr54OohiqVyuuqNvv6t7NsqqvV0M9YWEAidrBGbVl6g831qRcSg14VVQFs9cvjfvEOB2LQnOuGOFN0HW9Yf18T0Gucrydj6Py64C9EXFHrjI=
oye2Ilu7fKl/OLZ87QRXuEp6IHCJwnuDnwjZr54OohiqVyuuqNvv6t7NsqqvV0M9YWEAidrBGbVl6g831qRcSg14VVQFs9cvjf/NLxqLQnOuGOFN0HW9Yf15TkGucrydj6Py64C9EXFHrjI=
3GztHZAHzhScyieF9WGELUt6IHCJwnuDnwjZr54OohiqVyuuqNvv6t7NsqqvV0M9YWEAidrBGbVl6g831qRcSg14VVQFs9cvjfvEOB2LQnOuGOFN0HW9Yf18TkGucrydj6Py64C9EXFHrjI=
8+rcjQduTJ9CjvBoBjN0L0t6IHCJwnuDnwjZr54OohiqVyuuqNvv6t7IsqqvV0M8YWEAidrBGbVl6g831qRcSg14VVQFs9cvjfvEOB2LQnOuGOFN0HW9Yf15TUGucrydj6Py64C9EXFHrjI=
dl+Dn7Mqskzgz64x1vDPl0t6IHCJwnuDnwjZr54OohiqVyuuqNvv6t7LsqqvV0M8YWEAidrBGbVl6g831qRcSg14UlQFs9cvjfvEOB2LQnOuGOFN0HW9Yf17S0Gucrydj6Py64C9EXFHrjI=
5aqor8WILemnskbSk5LccEt6IHCJwnqDnwjZr54OohiqVyuuqNvv6t7IsqqvV0M8YWEAidrBGbVl6g831qRcSg14VFQFs9cvjfvEOB2LQnOuGOFN0HW9Yf16SkGucrydj6Py64C9EXFHrjI=
iju/E75FX48snRYzqfeTh89ctwxXf4nHNUmNb98mjcWUZVk5QbkwmQXieJWjQ54jhM31yRuubg==
7iuImFGCCzjfPZdh3sbV6W74sEi6qiOJ2/8FX6E5eQdDhjFtwLUtwQ1/fKExsqz9XyOCC7D94dEXrmI=
zOtP+rrJMEXnfBspZxEMf0WjbugJJCmvpSRZzpL2Ib//K1NRm2PZFqvpQj2fdbfcxhWDeu45BfPY79IVkyVtrhg=
iPadMegXGa4lo2Ug8Y/V/G62vwa9uiOJ2/8FX6E5eQdDhjFtwLUtwQ1yfKExsqz9XyOCC7D94dEXrmI=
zILRF8kWmdvCYgordKmwTUOoNvlHbiC4pWJf0tH9Ib//K1NRm2PZFqvpQj2fdbffwRWDeu45BfPY79IVkyVtrhg=
VMdzdiI4hQUlRLbqlvqgraICD28adnpdb5oJScb6zlIUILI+L7LV9EmgYWdPkb5NUz1zmwRdT0rSASHT/PfOBZ8taa4c
drD7s4grDh8NBidfszqTBHJIo5j2Walj3B7BQKFnm9gUCLqigLg+vqMqQZeyzOfH8znqnSfFP1tIZXsaBmnds+Df+jWLNWWuEA==
Y0WkfA09Z49MsOKGBGQbgKICD28adnpdb5oJScb6zlIUILI+L7LV9EmgYWdPkb5NUz1zkwRdT0rSASHT/PfOBZ8taa4c
nXHN9c7kUrAQCJxcBwB4+zc0+aIKRiQvgJS/HINxiTq8LlHXgM1OGR6d3kZAnjAMFrYPrvstwe6z7GN9vxT+Z0fmqw2t7TmyM2auFQ==
WPuDDE4o/JvymCJVUwSdlyERlaJSYFjHH1W4ot2Csc1Uf1OrsLAWMvwwuj4nor0HHnRDJ5fhRi37jfsTjK0n6mqx+ZMEpxYltz1hrhQ=
i23IRy4Z+XrWT9WABJuEvBZb3qLWFtAv1g6ODbsytelaErqigLg+vqMqQYS9yP3H8znqnSfFP1JIZXsaBmnds+Df+jWLNWWuEA==
ZatHsObSwxyybjBiztyXsK/E6WZE0tzpR0Aqo6WFJ6ccKGbEH/rp4gx2kY+wFS4BLoXeXnCGUNQm7s/2S/WhdgN04uUPjJ6/975rVZ01WaoDfq4N
ZCJbmO/P1dxbo2A+rXvA/w6u34gxSa7tiww5Fi7ZqN94mikOIJf/C1zYgoJoyCa+u9opt4qcL4c7ibJ9T1WH0rD107pemZVzKI8CVaMFfa4I
4xq7EU7LTTeDpSMv05DuTkUC6JhyLyHSCl6U75LG0r0XalGJ/qoWMvwwuj4nor0UEXBZJ5fhRi37jfsbia0m6mqx+ZMEpxYltz1hrhQ=
OFgiZ/4cQaZlZf8GIZFgBSYVuxTau/vs/+D6blQ6/NiIkwl7WcneD6Cz5kyPEkmK3L7RR2B9Duk+jd5WYG5wvPYmjz6bnQGek/xraJ9lPtcndiudTV15QhN2rgU=
muMsGxpaEe858wqCbjYKleyBbToO1sS3OBUfzOqgSRu70UAMPFLlfvwvm+v4QH4S5ECiPj9SpSf2BIvn3zHujQMdQ5vxPZ6KguGxU0yXPkWvDXmuDA==
jKIiQNu1xPw/+TgFFOp07zY0+fsVXUc/rLDmXK9iiTq8LlHXgM1OGR6d3kZAnjAMFrYPrvstwe6z7GJ9vxX+Z0fmqw2t7TmyM2auFQ==
BskZzXx8QbJ5A4yqTlS+Bg7y34RAJ2mX4U1Os8hnJgBXNjmW1Mrxaxi53pWWGV7a+ArAYL4Sb1KjmRGie6gtpMfIz0uvgosxtRkpvjtirgk=
9AzGxaQsB8rpTWstRCt1Z6zE6T9byb+gdH8Q86WyfucwO2bEH/rp4gx2kY+wFS4BLoXeXnCGUNQm7s/2S/WhdgN07+EPhJ+/975rVZ01WaoDfq4N
tPqHjNMj6qLjaQ2ZcRuTy0uw4Ck6nY5J/u3eNqDO4V26C54eW/2BPtMcaorfzr+351YrvQ29+eLTFq5l
Am291KKQo9M+iBSEAVHi0kqw4Ck6nY5J/u3eNqDO4V26C54eW/2BPtMcaorfzr+351YrvQ29+eLTFq5l
YLQX3kRvpkRxdKEHR6vrOEiw4Ck6nY5J/u3eNqDO4V26C54eW/2BPtMcaYrfzr+351YrvQ29+eLTFq5l
0+RQRM07ZgWYfATEnkwPDKICD28adnpdb5oJScb6zlIUILI+L7LV9EmgYWdPkb5NUz1zngNdRUvSASHT/PfOBZ8taa4c
oOcqLEp5dOlrfCQv8N8qyzc0+aIKRiQvgJS/HINxiTq8LlHXgM1OGR6d3kZAnjAMFrYPrvstwe6z7G56vx7/Z0fmqw2t7TmyM2auFQ==
9/er0AfGXLex6fewvACsSyERlaJSYFjHH1W4ot2Csc1Uf1OrsLAWMvwwuj4nor0HHnRDJ5fhRi37jfsei60t62qx+ZMEpxYltz1hrhQ=
IyE7P4+12CHCcnpKfJ1T+hZb3qLWFtAv1g6ODbsytelaErqigLg+vqMqQYS9yP3H8znqnSfFP11PZXEbBmnds+Df+jWLNWWuEA==
lm2Sk+uijUrNzlmb+H6Lsq/E6WZE0tzpR0Aqo6WFJ6ccKGbEH/rp4gx2kY+wFS4BLoXeXnCGUNQm7s/2S/WhdgN07eIPhp+/975rVZ01WaoDfq4N
M/Lka+S5o/nMBkBcBa8lTg6u34gxSa7tiww5Fi7ZqN94mikOIJf/C1zYgoJoyCa+u9opt4qcL4c7ibJ9T1WH3bf12btemZVzKI8CVaMFfa4I
8/NbDIQrJ3JIrTD0O/mlPEUC6JhyLyHSCl6U75LG0r0XalGJ/qoWMvwwuj4nor0UEXBZJ5fhRi37jfsci60t62qx+ZMEpxYltz1hrhQ=
1Apwjukr5wwCfnDdVpkswiYVuxTau/vs/+D6blQ6/NiIkwl7WcneD6Cz5kyPEkmK3L7RR2B9Duk+jd5WYG5wvPYmjz6bnQGek/xsap9uP9cndiudTV15QhN2rgU=
hl6u85vrNVW1aHoj6JMMt+yBbToO1sS3OBUfzOqgSRu70UAMPFLlfvwvm+v4QH4S5ECiPj9SpSf2BIvn3zHujQMdQ5zzPZWLguGxU0yXPkWvDXmuDA==
9eV8qXra7lQoBnu092gB1TY0+fsVXUc/rLDmXK9iiTq8LlHXgM1OGR6d3kZAnjAMFrYPrvstwe6z7Gl7vx7/Z0fmqw2t7TmyM2auFQ==
+p8IdqK0Ub9kpBHxCcvsAQ7y34RAJ2mX4U1Os8hnJgBXNjmW1Mrxaxi53pWWGV7a+ArAYL4Sb1KjmRGie6gjp8fKz0uvgosxtRkpvjtirgk=
L9eyh+R8p6+Wns/kjcHaLKzE6T9byb+gdH8Q86WyfucwO2bEH/rp4gx2kY+wFS4BLoXeXnCGUNQm7s/2S/WhdgN06OQPhp+/975rVZ01WaoDfq4N
X9ZWzXGioQ1oZKtdlgQu0BZw7a/PDsAv1g6ODbsytelaErqigLg+vqMqQYS9yP3H8znqnSfFP1JJZXAbBmnds+Df+jWLNWWuEA==
lW7/4m6jKS/cEjA0ehNKsg6qxvlMWaK43EhsF2uNhOIh2i4uLY7nG1zYgoJoyCa+u9opt4qcL4c7ibJ9T1WH0rH12LtemZVzKI8CVaMFfa4I
1grlU1Dj9mgT0AiV9gtajhdw7a/PDsAv1g6ODbsytelaErqigLg+vqMqQYS9yP3H8znqnSfFP1pIZXAbBmnds+Df+jWLNWWuEA==
CphGfO4Fjs8LFMYMPPuErQ6qxvlMWaK43EhsF2uNhOIh2y4uLY7nG1zYgoJoyCa+u9opt4qcL4c7ibJ9T1WH2rD12LtemZVzKI8CVaMFfa4I
ZwnqXCIuV2gdp+u6D2IiWxRw7a/PDsAv1g6ODbsytelaErqigLg+vqMqQYS9yP3H8znqnSfFP1lIZXAbBmnds+Df+jWLNWWuEA==
RR4rkdVI7Lmoic0MLDxUCA6qxvlMWaK43EhsF2uNhOIh2C4uLY7nG1zYgoJoyCa+u9opt4qcL4c7ibJ9T1WH2bD12LtemZVzKI8CVaMFfa4I
31lMqfzNcdq+ifXO4FxjwxVw7a/PDsAv1g6ODbsytelaErqigLg+vqMqQYS9yP3H8znqnSfFP15IZXAbBmnds+Df+jWLNWWuEA==
q0GmeXQM8ix0aenxckvDEw6u36MCHf32vUhsF2uNhOIh2S4uLY7nG1zYgoJoyCa+u9opt4qcL4c7ibJ9T1WH3rD12LtemZVzKI8CVaMFfa4I
Epmtvb8HfnGMjBc5yR0K2WY2x1tY2P/by43Z7gSCsbNoUf6thhFewsgioJju2q8KU/GxGusgrDx3ZC8zf8rL6cXxCYYraq4R
eYm00guy9S8iJXF3kSfcTmE2x1tY2P/ay43Z7gSCsbNoUf6thhFewsgioJju2q8KU/GxGusgojx3ZC8zf8rL6cXxCYYraq4R
xTalR2fpjEb0/JgWS7jOpmA2x1tY2P/Zy43Z7gSCsbNoUf6thhFewsgioJju2q8KU/GxGusgqD13ZC8zf8rL6cXxCYYraq4R
Ep0x4Wos1NO9LVnXGb/DO2M2x1tY2P/Yy43Z7gSCsbNoUf6thhFewsgioJju2q8KU/GxGusgrj13ZC8zf8rL6cXxCYYraq4R
rem/KvY/aOT+a2M2btuWsAjZ7NBGJBqHzWkX889HKxlPJjmW1Mrxaxi53pWWGV7a+ArAYL4Sb1KjmRGie6gipcfMz0uvgosxtRkpvjtirgk=
VoGPloDuO0wzfLAE/S7tRNPMwr7RZHzz7tEz7SK99ce1TCBVuglNEQF609yq2ZO1JmhaPqjLFmft/3reANGYupciX3st68+7hvznQxgHnMgTeYodh4UfWi4ll5umqf2zwB+atWt1Ra4w
BhCPnivG1qLvq7wW+VUZMeVEncJnCC0ZnXRscmgIYoc5dArykmBOTGNVEQ41JinP9bP30ZblbFn/GcOKqZswfOomW8iBmLPrkWNLOwJ0W9N0v3gotyHmrVtN2xptbUtrivGZk+TntqUXfUGuNA==
ggpipGfeLVmwKDrdRlCNQNPMwr7RZHzz7tEz7SK99ce1TCBVuglOEQF609yq2ZO1JmhaPqjLFmft/3reANGYuZciX3st68+7hvznQxgHnMgTeYodh4UfXSkll5umqf2zwB+atWt1Ra4w
Kr5ol8y+G5b/Ik2iufQw3+VEncJnCC0ZnXRscmgIYoc5dBDxtScWYyATKlkJcmaJ+rGshIzyZ0PuNMO8vLRyL+UsaIHHmbPrkWNLOwJ0W9N0v3gotyHmrVtN2xtsbUtrivGZk+TntqUXfUGuNA==
RaoVEkwd+IrSDFk8QM9c69PMwr7RZHzz7tEz7SK99ce1TCBVuglIEQF609yq2ZO1JmhaPqjLFmft/3reANGYvJciX3st68+7hvznQxgHnMgTeYodh4UfWCgll5umqf2zwB+atWt1Ra4w
ARFHwT3/8QdEN0whlAHx++VEncJnCC0ZnXRscmgIYoc5dArykmBLTGNVEQ41JinP9bP30ZblbFn/GcOKqZswfOomW8iEmLPrkWNLOwJ0W9N0v3gotyHmrVtN2x1sbUtrivGZk+TntqUXfUGuNA==
w6lXb2oTNC4+7HdED4pDGdPMwr7RZHzz7tEz7SK99ce1TCBVuglPEQF609yq2ZO1JmhaPqjLFmft/3reANGYu5ciX3st68+7hvznQxgHnMgTeYodh4UfUywllpumqf2zwB+atWt1Ra4w
XDkYS7STg83OAuWKq6da4eVEncJnCC0ZnXRscmgIYoc5dBDxtScWYyASKlkJcmaK+rCshIzyZ0PuNMO8vLRyLuUsaIHHmbPrkWNLOwJ0W9N0v3gotyHmrVtN2xprbUprivGZk+TntqUXfUGuNA==
rI17i7Raz1/w0ET8to9Hq9gLmT0TlGoPs6AYVmGe89TWSlsAJs+BpPo+166jsQ04MIDkRyAQRv3MQO81YwaPXcbHwLcngbZtq23LGnmNeSvaEQkTlEdGZUcdca4E
ltKRIfuRJ0yyq0NwN+WrgB+zeuFcYXO7qSFU1IL+N7/9P08j3jWEAqvpQj2fdbfZxRWNe+45BfPY79IVkyVtrhg=
0k28nr5ubd2H7WuTRAbJF89ctwxXf4nHNUmNb9omjcWUZVk5Qb83mQXjeJWjQ54jhM31yRuubg==
tzJDWxS2UJpZD1eqw22liX65uUqwuyOJ2/8FX6E5eQdGhjFtwLUtwQ18e6Exs6z9XyOCC7D94dEXrmI=
t/Y5Tgvqyw9tCcrfWI0pA89ctwxXf4nHNUmNb9kmjcWUZVk5QbMzmQTjeJWjQ54jhM31yRuubg==
l6i1FK0qgLhr10aTwyXwx274sEi6qiOJ2/8FX6E5eQdFhjFtwLUtwQ15faEws6z9XyOCC7D94dEXrmI=
BGitfdKro45W0tikN/Z6ds7RUkHLkaU+ij8oliEVVX1vSIfXqQD3Pkttsz/HWfNEO4sxt/H81xSuYw==
7TOfCh7pF4QbBKc9yj5qkI9d8kREad3BNHTEIZs7jcWUZVk5QbswmQTjeJWjQ54jhM31yRuubg==
5H0bsdmm9jyVfWUmIS0uyKBubyhVdjQUddxNT8G8xV4efqU/e6PfwQf7O3ZPkb5NUz1zkgRdTkvSASHT/PfOBZ8taa4c
9OS7eLMY/RO36Ai3aM9XkpxO3CYWzjpR4u99TGTGp9WXDxhPQtHyj85wh7+k8gF0O4ahD2lMTf7GDr0/Y1OHYY+Lk7YngbZtq23LH3iNfyzaEQkTlEdGZUcdca4E
r4AaRO/3GwKu19Isiw6xrPoyfyAbInlUM5ZJT8G8xV4efqU/e6PfwQf7O3ZPkb5NUz1znQBdR0zSASHT/PfOBZ8taa4c
9XZaHjV+xzHsBzjlRgg6EGNapxwX2LGBqP7QsgjCt7QuWvKn2AZfltkolda1gL4KU/GxGusgqj53YCgzf8rL6cXxCYYraq4R
08zB/CGjD3YT7qqnQKwqRGC1c8FJrYNBt8JvcPjZ4FMyQR+bit/QRRgnpNRlH8ZW69xRUnNfO5iHtozKf3+hl80pRV/B5vVV3EVBSakynqkVBDAFGwOGU0xtTRlzrgY=
/y7HmbQlIpqmAxKJCcYYyH81n5Vp0Qt/EjE2PAu1lOoZUlVBl4mfx3vxArZP96TcqGysSCcScqjaqSxcH0C1qg2ocarODG+jebR/2gOKuwMQLRsAG49ZQ2FIH3CuBw==
fkSqEkO3eoF54KWKQCSTh/oyfyAbInlUM5ZJT8G8xV4efqU/e6PfwQf7O3ZPkb5NUz1zkgBdRkzSASHT/PfOBZ8taa4c
4TCC837GckdbFEAXzFR1bmJapxwX2LGBqP7QsgjCt7QuWvKn2AZfltkolda1gL4KU/GxGusgrT53YSgzf8rL6cXxCYYraq4R
AZZ+dJ1WzdYtq+N6eJxun5xO3CYWzjpR4u99TGTGrtWVDxhPQtHyj85wh7+k8gF0O4ahD2lMTf7GDr0/Y1OHYY+Lk7YngbZtq23LHHiNfSzaEQkTlEdGZUcdca4E
kzYI6QO3jUp8KWytdENN8WNapxwX2LGBqP7QsgjCt7QuWvKn2AZfltkolda1gL4KU/GxGusgqT53Yigzf8rL6cXxCYYraq4R
O+21q1lnREA8T/XCtIRF6VUo5aMLB/lfh/Wat7K+iwtoUGHkofPnJ3NtE1fmFC8peIbwungad9y+4pJv6B5fvonQNV5F2P7iQ8lRUlu4I5anGgg7DxILgVVJaU4bcq45
1Vm+ygmjQAVvcEggET+Qx2JapxwX2LGBqP7QsgjCt7QuWvKn2AZfltkolda1gL4KU/GxGusgqj93Yigzf8rL6cXxCYYraq4R
WmjImD67y3o0VpJprzJeoGKudNpOtoRasNloa//M5kIkXR+bit/QRRgnpNRlH8ZW69xRUnNfO5iHtozKf3+hl80pRV/B5vVV3EVBSak+mKkXBDAFGwOGU0xtTRlzrgY=
izCbcqhMbn9lRf8UUOUiU2KudNpOtoRasNloa//M5kIlXR+bit/QRRgnpNRlH8ZW69xRUnNfO5iHtozKf3+hl80pRV/B5vVV3EVBSak7n6kXBDAFGwOGU0xtTRlzrgY=
Wf9MIroU+ywY7ZXCaOMb5/oyfyAbInlUM5ZJT8G8xV4efqU/e6PfwQf7O3ZPkb5NUz1zmAVdRUzSASHT/PfOBZ8taa4c
jj9180wYXHo2QwlHeV0Ysc9ctwxXf4nHNUmNb9omjcWUZVk5Qbk2mQ/keJWjQ54jhM31yRuubg==
bcmVLgsAfc8M4f0Wrzo2S274sEi6qiOJ2/8FX6E5eQdGhjFtwLUtwQ1/eqE7tKz9XyOCC7D94dEXrmI=
bPHSNwmiBGPFYRpdnBMr2aBubyhVdjQUddxNT8G8xV4efqU/e6PfwQf7OHZPkb5NUz1zkgRdRUzSASHT/PfOBZ8taa4c
+PIqaiA3rYF81KOxHE4eyJxO3CYWzjpR4u99TGTGp9WUDxhPQtHyj85wh7+k8gF0O4ahD2lMTf7GDr0/Y1OHYY+LkLYngbZtq23LE3mNfCzaEQkTlEdGZUcdca4E
EDJHJnT+aac2bVV72F+hofoyfyAbInlUM5ZJT8G8xV4efqU/e6PfwQf7OHZPkb5NUz1zmwBdREzSASHT/PfOBZ8taa4c
R9+o+NSTRrsOjhcDXlnp3GNapxwX2LGBqP7QsgjCt7QuWvKn2AZfltkolda1g74KU/GxGusgrz13Yygzf8rL6cXxCYYraq4R
D2cdOFktKq4F2vn2lG3AgmKudNpOtoRasNloa//M5kItXR+bit/QRRgnpNRlH8ZW69xRUnNfO5iHtozKf3+hl80pRV/C5vVV3EVBSak9makWBDAFGwOGU0xtTRlzrgY=
SpvtICLeGq/ufEfjIV5bu/oyfyAbInlUM5ZJT8G8xV4efqU/e6PfwQf7OHZPkb5NUz1znAJdREzSASHT/PfOBZ8taa4c
OCb4puOfjfxwbFwOEwRcmlUo5aMLB/lfh/Wat7K+iwtvUGHkofPnJ3NtE1fmFC8peIbwungad9y+4pJv6B5fvonQNV5F2/7iQ8lRUlu4LpCnGwg7DxILgVVJaU4bcq45
yVCpC1R1NLxrXtd28H8pgGJapxwX2LGBqP7QsgjCt7QuWvKn2AZfltkolda1g74KU/GxGusgozh3Yygzf8rL6cXxCYYraq4R
Ed5bqg3/SvJpNUNGKvcEe2KudNpOtoRasNloa//M5kItXR+bit/QRRgnpNRlH8ZW69xRUnNfO5iHtozKf3+hl80pRV/C5vVV3EVBSak6nqkWBDAFGwOGU0xtTRlzrgY=
T5AU5SBHDBfEJBGCo72n+/oyfyAbInlUM5ZJT8G8xV4efqU/e6PfwQf7OHZPkb5NUz1zmARdREzSASHT/PfOBZ8taa4c
O/LuzDu6Sj2LhKUoViY1Os9ctwxXf4nHNUmNb9gmjcWUZVk5QbgzmQnkeJWjQ54jhM31yRuubg==
ZIa3Rm72GHB2BQiiCXjm1G74sEi6qiOJ2/8FX6E5eQdEhjFtwLUtwQ19f6E9tKz9XyOCC7D94dEXrmI=
aRFt5m5ER+hsqX8fwX4AmKBubyhVdjQUddxNT8G8xV4efqU/e6PfwQf7OnZPkb5NUz1zmwBdQ0zSASHT/PfOBZ8taa4c
KvxnyFYBMmg0eNGdDkwPC5xO3CYWzjpR4u99TGTGp9WWDxhPQtHyj85wh7+k8gF0O4ahD2lMTf7GDr0/Y1OHYY+LkrYngbZtq23LGnuNeyzaEQkTlEdGZUcdca4E
xWANP0PoXCufES3OqsGR5/oyfyAbInlUM5ZJT8G8xV4efqU/e6PfwQf7OnZPkb5NUz1zmQNdQ0zSASHT/PfOBZ8taa4c
ny6t8ww8ZYdamnEJRmCtSWNapxwX2LGBqP7QsgjCt7QuWvKn2AZfltkolda1gb4KU/GxGusgrT53ZCgzf8rL6cXxCYYraq4R
VSAu7tcPzcmz0oDG77TZMmKudNpOtoRasNloa//M5kIuXR+bit/QRRgnpNRlH8ZW69xRUnNfO5iHtozKf3+hl80pRV/A5vVV3EVBSak9mKkRBDAFGwOGU0xtTRlzrgY=
byod9631i1DTHPrRn/4ml/oyfyAbInlUM5ZJT8G8xV4efqU/e6PfwQf7OnZPkb5NUz1znAJdQ0zSASHT/PfOBZ8taa4c
1Gcbp0U+MWulANip2SGpKxY3vrLBWedh0FqNBOc+9e9dVLGuiuYpv/c7S7Hzk6bW8znqnSfFP19JZXccBmnds+Df+jWLNWWuEA==
NC9jBFjihJYQiftx4+88v2KudNpOtoRasNloa//M5kIpXR+bit/QRRgnpNRlH8ZW69xRUnNfO5iHtozKf3+hl80pRV/A5vVV3EVBSak/nqkRBDAFGwOGU0xtTRlzrgY=
VH1gCAAmkIDdCqDE+lM+tPoyfyAbInlUM5ZJT8G8xV4efqU/e6PfwQf7OnZPkb5NUz1znARdQ0zSASHT/PfOBZ8taa4c
P/ij4/lE/jC7Xv5lBvMYTM9ctwxXf4nHNUmNb98mjcWUZVk5QbkymQjkeJWjQ54jhM31yRuubg==
u672wVg7obycOH3O2EphGG74sEi6qiOJ2/8FX6E5eQdDhjFtwLUtwQ14fqE8tKz9XyOCC7D94dEXrmI=
LV/mKHr+9fIIrhmM+haFFw3yo2fYJoBZyCL2dGfq4iA64RxEH1iF4u0g4VSONH+rWXwPQooQS08wJQs42/fJywGAL2iuHw==
Tr7711LNxJudO+gRk4UsRJxO3CYWzjpR4u99TGTGp9WRDxhPQtHyj85wh7+k8gF0O4ahD2lMTf7GDr0/Y1OHYY+LlbYngbZtq23LGXqNeizaEQkTlEdGZUcdca4E
NBYzNdg86pK90sGSg1ASj/oyfyAbInlUM5ZJT8G8xV4efqU/e6PfwQf7PXZPkb5NUz1znwJdQkzSASHT/PfOBZ8taa4c
mm5RpMgEoAc5vrPRKu/b1Rc3vrLBWedh0FqNBOc+9e9dVLGuiuYpv/c7S7Hzk6HW8znqnSfFP1tJZXYcBmnds+Df+jWLNWWuEA==
p+kuh1AJmDTIsaI5lp9rwVUo5aMLB/lfh/Wat7K+iwtsUGHkofPnJ3NtE1fmFC8peIbwungad9y+4pJv6B5fvonQNV5F3v7iQ8lRUlu4I5CnHQg7DxILgVVJaU4bcq45
AbpkWyqA8YXw2GQtVAWXwvoyfyAbInlUM5ZJT8G8xV4efqU/e6PfwQf7PXZPkb5NUz1zmQRdQkzSASHT/PfOBZ8taa4c
yjrHFF+x6HpvrH9rtseNnBY3vrLBWedh0FqNBOc+9e9dVLGuiuYpv/c7S7Hzk6HW8znqnSfFP11IZXYcBmnds+Df+jWLNWWuEA==
JJXwLyjIq48dFYHFbbAHnWKudNpOtoRasNloa//M5kIqXR+bit/QRRgnpNRlH8ZW69xRUnNfO5iHtozKf3+hl80pRV/H5vVV3EVBSak6m6kTBDAFGwOGU0xtTRlzrgY=
Ev/v7A9PhEQCDogTNgsejPoyfyAbInlUM5ZJT8G8xV4efqU/e6PfwQf7PXZPkb5NUz1znwFdQUzSASHT/PfOBZ8taa4c
XVB3JptEfsIOVrIaV0EcPdgLmT0TlGoPs6AYVmGe89TWSlsAJs+BpPo+166jsQ04MIDkRyAQRv3MQO81YwaPXcbHwLcngbZtq23LE3mNeCzaEQkTlEdGZUcdca4E
7JiScacmae03YnsEvQFnDx+zeuFcYXO7qSFU1IL+N7/9P08j3jWEAqvpQj2fdbfTxRWMfO45BfPY79IVkyVtrhg=
MB5t3S1rQDjcC7FehKQnWkZgu6RUKGDDrMprplDqROzovAw4p6ISeBrZDEwfUJXazXgRGU58z3M5hJ/KC57bNdB9u/CbP7kTIbg/YK4X
IZDEPuQGqhDMm7I143i/pgsBZ8FwqiDO4KYXGJbuYjtQgt8aQbwlah0nXmarhWFGI2Tv9C+zWM8XLuvF/cUZmiNurh0=
Mabae5siDBdeA4nlf63TPGMntx5azbGc+7KR9ELGt7QuWvKn2AZfltkolda1g74KU/GxGusgrDh3Zygzf8rL6cXxCYYraq4R
xwRa7i1eri0r72fcVBpHDwsBZ8FwqiDO4KYXGJbuYjtQgt8aQbwlah0kXmarhWFGI2To9S+zWM8XLuvF/cUZmiNurh0=
Bz6YUcIW5YZjKJYGmdx64mAntx5azbGc+7KR9ELGt7QuWvKn2AZfltkolda1gL4KU/GxGusgrjl3Zygzf8rL6cXxCYYraq4R
E/o51JEdJLUFTV0ZohB2vAsBZ8FwqiDO4KYXGJbuYjtQgt8aQbwlah0lXmarhWFGI2Ti9S+zWM8XLuvF/cUZmiNurh0=
RS/THwKVzmyEwv+ZoJyeJWEntx5azbGc+7KR9ELGt7QuWvKn2AZfltkolda1gb4KU/GxGusgqjx3aCgzf8rL6cXxCYYraq4R
V92QFZKVTsjbGxr0lz4xqQsBZ8FwqiDO4KYXGJbuYjtQgt8aQbwlah0iXmarhWFGI2Tt8C+8WM8XLuvF/cUZmiNurh0=
l/Tzu5budrh/O1V03XjwDWYntx5azbGc+7KR9ELGt7QuWvKn2AZfltkolda1hr4KU/GxGusgojx3aCgzf8rL6cXxCYYraq4R
rw8MtCFATa+eYJKXUPIKrM7RUkHLkaU+ij8oliEVVX1vSIfXqQD3PkJtsz/AWfNEO4sxt/H81xSuYw==
hbFbuksx78u9nnaby/J0Io9d8kREad3BNHTEIZs7jcWUZVk5QbIwmQTkeJWjQ54jhM31yRuubg==
Bf3ra16jU01NXXNhUXEFt8/tjIqW9gmXyQcP86J/2tyVy1AofbRJ9S6Q138JqEeGy9YDnWHxIxz70+HfEZQnbK4b
qEakMDXg6z2Xp5wSsgQK3Laep7Cts4gpHHOX7rsxOF/Cl/fZc9i+2J57yW3hXHkrgcm6fbYKVZGkptUGFRM+mvMh8crLMKssV7Np499aS3llIUlWC3quAQ==
2gHL/KmdRHqW35CiRltC+6NubyYSIi4TPN9HAc6zhlYUMLk1bP6BwQf7OHZPkb5NUz1zmwFdRE3SASHT/PfOBZ8taa4c
TrqYh+fFHxUcO2CISVl5Rraep7Cts4opHHOX7rsxOF/Cl/fZc9i+2J57yW3hXHkrgcm6fbYKVZGkptUGFRM+mvMh8crLMKssV7Np499aS3llIUlWC3quAQ==
TChp6UdxWGYZJklLEzDb8aBubyYSIi4TPN9HAc6zhlYUMLk1bP6BwQf7OHZPkb5NUz1zmwFdRE3SASHT/PfOBZ8taa4c
VVC3y++TuT3nyhIO94rzcVn6bWT4yOZCPmul4fgACBSigwqhqY4H8EYlNsulUQxn7N6elGt1vtqLyW0v+iatBTTlOfkhuxNZrmWY1UNDfmMkTVUJe64O
v5S4ceyiBbLEqo1UTWELw3/410Lj+HZIaN6w0yt9dnCmiMw75D0HbqmsqJ1YFwshwruiZlDIJbXwhkXxI/M0VoPZWt3XpQ9SPUVAXfbJbTNwfyp1WxV1rgA=
3i3gZfJ4WthcQw838A0InqJubyYSIi4TPN9HAc6zhlYUMLk1bP6BwQf7OHZPkb5NUz1zmwVdRE3SASHT/PfOBZ8taa4c
3Z1pmACyAHhrNomUy76MIXTuzEX283xIaN6w0yt9dnCmiMw75D0HbqmsqJ1YFwshwruiZlDIJbXwhkXxI/M0VoPZWt3XpQ9bOUVAXfbJbTNwfyp1WxV1rgA=
zGBWX+8y9zyBsr0MpbBb56NubyYSIi4TPN9HAc6zhlYUMLk1bP6BwQf7OHZPkb5NUz1zmwVdRE3SASHT/PfOBZ8taa4c
P57+NgWbCs30Xur4FUBA8HTuzEX283xKaN6w0yt9dnCmiMw75D0HbqmsqJ1YFwshwruiZlDIJbXwhkXxI/M0VoPZWt3XpQ9bOUVAXfbJbTNwfyp1WxV1rgA=
64aOqxz+B1NBMarA9+iLgaBubyYSIi4TPN9HAc6zhlYUMLk1bP6BwQf7OHZPkb5NUz1zmwVdRE3SASHT/PfOBZ8taa4c
HJfMWRCkpLGvJFqMYXCpcbaep7CtuYgpHHOX7rsxOF/Cl/fZc9i+2J57yW3hXHkrgcm6fbYKVZGkptUGFRM+mvMh8crLMKsoV7Np499aS3llIUlWC3quAQ==
wtwjwbRL1ssMSDEDaKyNZc/tjIqW9gmXyQcP86J/2tyVy1ArfbRJ9i6Q138JqEeGw9IDnWHxIxz70+HfEZQnbK4b
xFaiIaoLNy2WFGE72ELS0nTuzEX283xNaN6w0yt9dnCmiMw75D0HbqmsqJ1YFwshwruiZlDIJbXwhkbxI/M3VoPZWt3XpQ9TOUVAXfbJbTNwfyp1WxV1rgA=
/1IpEMB/XzKuuK261780dqNubyYSIi4TPN9HAc6zhlYUMLk1bP6CwQf7O3ZPkb5NUz1zkwVdRE3SASHT/PfOBZ8taa4c
iuolKAUyylH2sqTkMoI7PXTuzEb283xKaN6w0yt9dnCmiMw75D0HbqmsqJ1YFwshwruiZlDIJbXwhkbxI/M3VoPZWt3XpQ9TOUVAXfbJbTNwfyp1WxV1rgA=
DWH1sckNV39nfZIJ8QWhFaBubyYSIi4TPN9HAc6zhlYUMLk1bP6CwQf7O3ZPkb5NUz1zkwVdRE3SASHT/PfOBZ8taa4c
s6PEQ9Gv0bXexT2HFZhSALaep7CtuYspHHOX7rsxOF/Cl/fZc9i+2J57yW3hXHkrgcm6fbYKVZGkpdUGFRA+mvMh8crLMKMoV7Np499aS3llIUlWC3quAQ==
EcZ/idqb2yqvlFr6E2BOHs/tjIqW9gmXyQcP86J/2tyVy1AqfbRJ9y6Q138JqEeGyNMDnWHxIxz70+HfEZQnbK4b
pTxyU7bZ6Id+78Aiwjzlk3TuzEX283xLaN6w0yt9dnCmiMw75D0HbqmsqJ1YFwshwruiZlDIJbXwhkfxI/M2VoPZWt3XpQ9YOEVAXfbJbTNwfyp1WxV1rgA=
VNZDRxUZdmb3gB/j7yN29KNubyYSIi4TPN9HAc6zhlYUMLk1bP6DwQf7OnZPkb5NUz1zmARdRE3SASHT/PfOBZ8taa4c
VZLuRsQ/VpDyJYQZWiUENnTuzEX283xIaN6w0yt9dnCmiMw75D0HbqmsqJ1YFwshwruiZlDIJbXwhkfxI/M2VoPZWt3XpQ9YOEVAXfbJbTNwfyp1WxV1rgA=
XzL9l076rrm06WbKDcm7MqBubyYSIi4TPN9HAc6zhlYUMLk1bP6DwQf7OnZPkb5NUz1zmARdRE3SASHT/PfOBZ8taa4c
IBIkP0ru4xUVzERdpN2Mrbaep7CtuYopHHOX7rsxOF/Cl/fZc9i+2J57yW3hXHkrgcm6fbYKVZGkpNUGFRE+mvMh8crLMKgpV7Np499aS3llIUlWC3quAQ==
w9BZk14o9rVyoiY384NqHc/tjIqW9gmXyQcP86J/2tyVy1AtfbRJ8C6Q138JqEeGw9MDnWHxIxz70+HfEZQnbK4b
eiZB+7c4cgXWXq8ySxkDfXTuzEb283xLaN6w0yt9dnCmiMw75D0HbqmsqJ1YFwshwruiZlDIJbXwhkDxI/MxVoPZWt3XpQ9TOEVAXfbJbTNwfyp1WxV1rgA=
mzo10fNmFs5t9ZebyF+kFqNubyYSIi4TPN9HAc6zhlYUMLk1bP6EwQf7PXZPkb5NUz1zkwRdRE3SASHT/PfOBZ8taa4c
otYuikxVimyhKE6lGQrZtnTuzEb283xNaN6w0yt9dnCmiMw75D0HbqmsqJ1YFwshwruiZlDIJbXwhkDxI/MxVoPZWt3XpQ9TOEVAXfbJbTNwfyp1WxV1rgA=
kg2nS3Q31XbcHpJAdOoJf6BubyYSIi4TPN9HAc6zhlYUMLk1bP6EwQf7PXZPkb5NUz1zkwRdRE3SASHT/PfOBZ8taa4c
83pk1SpnJaMEUbPaduGuOraep7CtuY0pHHOX7rsxOF/Cl/fZc9i+2J57yW3hXHkrgcm6fbYKVZGko9UGFRY+mvMh8crLMKMpV7Np499aS3llIUlWC3quAQ==
NyKU6//RdOQ8Uv/7yIhwstgLmT0TlGoPs6AYVmGe89TWSlsAJs+BpPo+166jsQ04MIDkRyAQRv3MQO81YwaPXcbHwLcngbZtq23LHXmNey3aEQkTlEdGZUcdca4E
btHkdWEeNROI+9n5JUzPTh+zeuFcYXO7qSFU1IL+N7/9P08j3jWEAqvpQj2fdbfdxRWPfe45BfPY79IVkyVtrhg=
twl1jpXv/ZlCKjXu0x20edgLmT0TlGoPs6AYVmGe89TWSlsAJs+BpPo+166jsQ04MIDkRyAQRv3MQO81YwaPXcbHwLcngbZtq23LH3yNeC3aEQkTlEdGZUcdca4E
VvtCpHxFIO9zK8jpk42hdB+zeuFcYXO7qSFU1IL+N7/9P08j3jWEAqvpQj2fdbffwBWMfe45BfPY79IVkyVtrhg=
Cr7UH/TOk8AHPjZz0HWzPdgLmT0TlGoPs6AYVmGe89TWSlsAJs+BpPo+166jsQ04MIDkRyAQRv3MQO81YwaPXcbHwLcngbZtq23LGnmNdy3aEQkTlEdGZUcdca4E
QUoZf5lkFRrpoX1HEYOnkx+zeuFcYXO7qSFU1IL+N7/9P08j3jWEAqvpQj2fdbfaxRWDfe45BfPY79IVkyVtrhg=
d87sD6usBDXXhxnHlygKKAcjmJVsKUKdDEG+747a0vJJLx/B9uNeNvwgsTVk7uohXysDNpfhRi37jfsaja0v6Gqw+ZMEpxYltz1hrhQ=
OR+kteFs4aYNhRBGlwvs9QcjmJVsKUKdDEG+75XB0vJJLx/B9uNeNvwgsTVk7uohXysDNpfhRi37jfsejK0v6Gqw+ZMEpxYltz1hrhQ=
Ff/LHuZwL7wV9IMiseEwt9gLmT0TlGoPs6AYVmGe89TWSlsAJs+BpPo+166jsQ04MIDkRyAQRv3MQO81YwaPXcbHwLcngbZtq23LH3yNfijaEAkTlEdGZUcdca4E
Plvu45I2IPQ8I0TlMdLtxh+zeuFcYXO7qSFU1IL+N7/9P08j3jWEAqvpQj2fdbffwBWKeO44BfPY79IVkyVtrhg=
pDtFh9m0xOLtNCa7bDT07GwsIRnxdDnz8UEaxWZiVYmUbrX+hbv+wgMp0fKb2Cy15/GNm85yC6EVqenu2xKuGQ==
M4KhIQ1+F4qeJYF2O4RYVLCGuK+nrYkiDHmBvPE7J1/SlfmbOYzxyIh41nbhDzlty826fbYKVZGkptUGFRM+mvMh8crLMK4uV7lt495aS3llIUlWC3quAQ==
vXl+jWIwARCxuUAJUql0vEk1JnAAJTs8GaGG/wlGfaW57agDYfGFYl8/ON6+rE1xib+fe0I36sSV02BgnTzZTW5ox3cp4LceQkxzX0X5MmQ7a3FXcVwXdK4D
m91/4+uwq8Sqgt7IlPvA6HLi2UT983xDaozu0XgpfHO2iNEhrHkGe/z1rM0HQVhhhPGmZlDIJbXwhkXxI/M0VoPZWt3XpQ9YPEVDWvbIbTNwfyp1WxV1rgA=
Qp/XWbMQbM9BIQC4eVG6jdgLmT0TlGoPs6AYVmGe89TWSlsAJs+BpPo+166jsQ04MIDkRyAQRv3MQO81YwaPXcbHwLcngbZtq23LHnqNfyraEAkTlEdGZUcdca4E
yG17vH8jeH2zqlbXc9uFUh+zeuFcYXO7qSFU1IL+N7/9P08j3jWEAqvpQj2fdbfexhWLeu44BfPY79IVkyVtrhg=
fKuZxjuuPKomuSI5QyZHJGwsIRnxdDnz8UEaxWZiVYmUbbX+hbj+wgMp0fKb2C+x5/iOm85yC6EVqenu2xKuGQ==
kcMRZrStpcx5CqRHprl+N8lG4U7OQPcmveo+NdSOUvz/9SoyxxlRNw5Geb1oFbVRlf7nMaNSxCwX48r72B2ZIW+uGg==
lkBwb8SROTXRW/njeXBRek8XfYTdgLmGI7xdbkKNlRw8Hs50e3WuuluJPc9qph1lxKUJGVG+IHlfIih0M8Puw/QNhSlrrh4=
6Rpo/13ThzGlWcJEFVitgBQ44LTPCuFqz1qNBPMyrP1bQPKmgKg1teBmFbHzk6TW8znqnSfFP1tNZXcaBmjds+Df+jWLNWWuEA==
96SYZ0bxGlCnurtT+vCVUBzI/cVCPjzUj3JDtsYEMB4YVjDe1NPlakrx2pWGElWZtF71LuVLflKjmRGie6gppMfMzkuugosxtRkpvjtirgk=
hu4rYPFWObXqv51m05w58W9+3sE1llkjUnAjZ1b81LpaEBQX19CDk3PgAvBa+qTcqHigETUUZuvSo2JAFVfo9A2ocanODG+jebR/2g2KuwYWLRoAG49ZQ2FIH3CuBw==
m2dvVblg3Gb3IgR2qA024k2oJyGhnLIcazDn4LZEWk3i1wusqYpV5hN8LY7yDQV87N6elGt1vtqLyW0v+iatBTTlOfkhvxJZqWKY1ENDfmMkTVUJe64O
SzvFljhKtcCLDzVFmoQt7Q4y/dh1R6+9VcppPndsKYYeLSm0qG467Pf1IiIvealn1gbBDTD13aEdfW6BDfIcXO+jEqvgPbExZ64S
A6kYGCRxYSUEdsBgmmXwwBk45anJDudq11qNBPMyrP1bQPKmgKg1teBmFbHzk6TW8znqnSfFP1pPZXcaBmjds+Df+jWLNWWuEA==
Qqrx4Te55PItu22iOpCY0wyfv4offXmWgnZFrNBQOh4YVjDe1NPlakrx2pWGElWZtF71LuVLflKjmRGie6gvpsfMzkuugosxtRkpvjtirgk=
K8laKE/zsaWeEWuY8w3uKPnZvRkZJZmYkn810dmlzX76TpOuz8xBVlZt4cSATiIc7/U6UjdZgZeexgld2FVlMWX51BH1krSMp2NamwhdqQF/rgo=
w0pZCaE1RlZuUzGfB9Zfy1tveitRbW5pGfTLrkEENuH3tKtWOajYIR4qbIj4rAh1lfDOf0I36sSV02BgnTzZTW5ox3cp4LceTU1zUkb5MmQ7a3FXcVwXdK4D
eacnh3hNJmuH5FXnODPu5D8ndmJY+8KmY3QilJyHNywMbIM+0Hg0REjA0Nn1XFYT8rtySBVf+OwtUEHhDsQfG5ks71KLBiuedpXqSFtHaTtBUA94rg8=
LOTnBDOWG9ZTPVAVn8T2elYy5+RZH/tegqnPueLo2E0uBDu65u6sYSs+BFL3FDAueIbwrnRDZdqqoZplpgJVqdSONV5F2/7iQ8lRUlu4K5GnHA47DhILgVVJaU4bcq45
WMjMpN6ulGkSvMW7X92zaUs0JjdXK25uWPfaqlMYOrj8q+9APKDbchA0bIj4rAh1lfDOf0I36sSV02BgnTzZTW5ox3cp4LceT05zU0b5MmQ7a3FXcVwXdK4D
N1y7xSucQXSoBvbj4uIA4Eo0JjdXK25uWPfaqlMYOrj8q+9APKDbchA0bIj4rAh1lfDOf0I36sSV02BgnTzZTW5ox3cp4LceTU5zU0b5MmQ7a3FXcVwXdK4D
X1eyuGBkd1Zm1edfIfsMw8lG4U7OQPcmveo+NdSOUvz/9SoyxBlRNw1Geb1oFbVRlf3jMadSxCwX48r72B2ZIW+uGg==
oYvs+DvZWkLIvIM4fadV5qBhLSoDInlUJ5oQXceohlYUMLk1bP6CwQf7O3ZPkb5NUz1znQVdQUrSACHT/PfOBZ8taa4c
REx7AruobtqCfGJDIaMUb08XfYTdgLmGI7xdbkKNlRw8Hs50e3WuuliJPc9pph1lxKUJGVG9J3lbIih0M8Puw/QNhSlrrh4=
FHlB+k5sUNiBriuD7UDdHSYU4wgXyLqaqP7QpgSbpbI6GfqtlhpVgYR1lda1gL4KU/GxGusgrTh3Zi4zfsrL6cXxCYYraq4R
LJNndtWVKkIJ1FJjtHcd704Ma8WZiqWGI7xdbkKNlRw8Hs50e3WuuliJPc9pph1lxKUJGVG9J3lbIih0M8Puw/QNhSlrrh4=
f6/3Kdw6y0PEoJsR8cvEQzdZmfVKB1c+z5T6QuACgHK8N0XW0oVKGQ6W1QUMyQVCTewervstwe6z7G18vxr+Z0bmqw2t7TmyM2auFQ==
ps9jqazwjtsDFIz0GwRgA0YGbMWOjqeGI7xdbkKNlRw8Hs50e3WuuliJPc9pph1lxKUJGVG9J3lbIih0M8Puw/QNhSlrrh4=
QDldPQX0VSrN0JfF7XAp60cdq6heaWfErMRzplDgROzoqABhtaQGOxLTQlAVR8iHzXgRGk58z3M5hJ/KDZ7bNNZ9uvCbP7kTIbg/YK4X
AvqY2yf2WRkW0u4Bxn26VkYdq6heaWfErMRzplDgROzoqABhtaQGOxLTQlAVR8iHzXgRGk58z3M5hJ/KA57bNNZ9uvCbP7kTIbg/YK4X
8tVP95GcOIje8T0iYykDBmwsIRnxdDnz8UEaxWZiVYmUbLX+hbn+wgMp0fKb2Ci05/+Om85yC6EVqenu2xKuGQ==
NgPU4NQ2c48YjUu7mmFUA8lG4U7OQPcmveo+NdSOUvz/9SoyxRlRNwxGeb1oFbVRlf7nMaZSxCwX48r72B2ZIW+uGg==
UevLd1SwD042BB13W85ueqBhLSoDInlUJ5oQXceohlYUMLk1bP6DwQf7OnZPkb5NUz1zngFdQErSACHT/PfOBZ8taa4c
1QuSMf8tTvPVrtl32XHE9U8XfYTdgLmGI7xdbkKNlRw8Hs50e3WuulmJPc9oph1lxKUJGVG+I3laIih0M8Puw/QNhSlrrh4=
Zx+ODa6wg2NGVz3wPzQxFyYU4wgXyLqaqP7QpgSbpbI6GfqtlhpVgYR0lda1gb4KU/GxGusgrjx3Zy4zfsrL6cXxCYYraq4R
M+iFR/H31AD8zjyvNSW9lk4Ma8WZiqWGI7xdbkKNlRw8Hs50e3WuulmJPc9oph1lxKUJGVG+I3laIih0M8Puw/QNhSlrrh4=
6H4dVF7TfC/J+0Feg98qIjdZmfVKB1c+z5T6QuACgHK8N0XW0oVKGQ6W1QUMyAVCTe0ervstwe6z7G54vxv+Z0bmqw2t7TmyM2auFQ==
dpGms/KWkmV4MOslrnJKMkYGbMWOjqeGI7xdbkKNlRw8Hs50e3WuulmJPc9oph1lxKUJGVG+I3laIih0M8Puw/QNhSlrrh4=
8eqbR9T41JFwFeSYdchHHkcdq6heaWfErMRzplDgROzoqABhtaQGOxLTQlAVR8iGzXgRG058z3M5hJ/KDprbNdZ9uvCbP7kTIbg/YK4X
h3T9Ojc5kdXWDLkGHa7a3UYdq6heaWfErMRzplDgROzoqABhtaQGOxLTQlAVR8iGzXgRG058z3M5hJ/KDZrbNdZ9uvCbP7kTIbg/YK4X
+w5ZLm9HjUlQrveXp9SNbWwsIRnxdDnz8UEaxWZiVYmUa7X+hb7+wgMp0fKb2Cq15/+Om85yC6EVqenu2xKuGQ==
dEcu2JZ//TkGusGiwUcikclG4U7OQPcmveo+NdSOUvz/9SoywhlRNwtGeb1oFbVRlfnmMaZSxCwX48r72B2ZIW+uGg==
E6ISRQNMrB/pA3sFQWOkRqBhLSoDInlUJ5oQXceohlYUMLk1bP6EwQf7PXZPkb5NUz1zmQBdQErSACHT/PfOBZ8taa4c
6r1rkYdigy9I6vUTjXbYNk8XfYTdgLmGI7xdbkKNlRw8Hs50e3Wuul6JPc9vph1lxKUJGVG5InlaIih0M8Puw/QNhSlrrh4=
RLnNNqEA6ACEpFC4mVwviyYU4wgXyLqaqP7QpgSbpbI6GfqtlhpVgYRzlda1hr4KU/GxGusgqT13Zy4zfsrL6cXxCYYraq4R
gZImkUEKFP1txxpKB/em7k4Ma8WZiqWGI7xdbkKNlRw8Hs50e3Wuul6JPc9vph1lxKUJGVG5InlaIih0M8Puw/QNhSlrrh4=
PgoMnRetNgR3pS5el/EblzdZmfVKB1c+z5T6QuACgHK8N0XW0oVKGQ6W1QUMzwVCTeoervstwe6z7Gl5vxv+Z0bmqw2t7TmyM2auFQ==
dAAqiUZLE8ek4h0kqJPzYUYGbMWOjqeGI7xdbkKNlRw8Hs50e3Wuul6JPc9vph1lxKUJGVG5InlaIih0M8Puw/QNhSlrrh4=
yJEpZMhniBc7FaWw4xOHJ0cdq6heaWfErMRzplDgROzoqABhtaQGOxLTQlAVR8iBzXgRHE58z3M5hJ/KCZvbNdZ9uvCbP7kTIbg/YK4X
WIKcu9kgiBkxTsjy4YnNrEYdq6heaWfErMRzplDgROzoqABhtaQGOxLTQlAVR8iBzXgRHE58z3M5hJ/KCJvbNdZ9uvCbP7kTIbg/YK4X
azMAhnWjhGIVvUJTABvYZwsBZ8FwqiDa7P8FHoKtajEentUNHOIlah0nXmarhWFGI2Tq9S+8Xs8WLuvF/cUZmiNurh0=
TNN9MM+gn6glTSSiEKzkq4nG1A1Ayap2LACBNVTOueEvy3C2B0EW7cut6xiczdequtBpE7QHpuXn3RGuZA==
HXGopSt8ONCv5Xwlf51NmRJWjykf1VGB15uo9r/xTg2jXWOaEX1+CmKgkVNsV57Fz80Zrmw=
SNaQfjRjLmPaX0sJOmDDyG63pFb1oXCKwelRCf85eQdGhjFtwLUtwQ16fqEwsqz8XyOCC7D94dEXrmI=
0fcXoDDjkNglXcoo90dksSHZ6eojNKDJRxpkpgn0o1SNyLGJzuwvA/nUv/oNq/vrlo3aYBuvGaPh6N8Qrmc=
U/CGjICYHGs+P9ExHjnVzc9M5RJNad2Ra0mNb9omjcWUZVk5QbIxmQTieJSjQ54jhM31yRuubg==
sI/hxOX826S1vjSxja2wmAsBZ8FwqiDa7P8FHoKtajEentUNHOElah0kXmarhWFGI2Tq8i+2X88WLuvF/cUZmiNurh0=
ypmaVuUN+ALFXj3Giv7hM4qtzsOZpV2WxAcP86J/2tyVy1ArfbRJ9i6Q138JqEeGz9QDnGfxIhz70+HfEZQnbK4b
PwVrNq1NCCx70h/pak1wJecuLW8Fa3oVJt8LTIj5glYUMLk1bP6CwQf7O3ZPkb5NUz1znANdRUvSACHT/PfOBZ8taa4c
XjDICKVWJH4u5vcLcGXmQnIY2/sKQEdnnMDwSOACgHK8N0XW0oVKGQ6W1QUMyAVCTe0ervstwe6z7Gp9vx//Z0bmqw2t7TmyM2auFQ==
ZDhA3E5GdcxZfaEj4Aux6XIY2/sKQEdnnMDwSOACgHK8N0XW0oVKGQ6W1QUMyAVCTe0ervstwe6z7GJ9vx//Z0bmqw2t7TmyM2auFQ==
DYcm0i80Rwu4jK2SK9rO63IY2/sKQEdnnMDwSOACgHK8N0XW0oVKGQ6W1QUMzwVCTeoervstwe6z7G54vxj/Z0bmqw2t7TmyM2auFQ==
IItVpc/4kkkfUkOSf9n8S5WQDhLVl+wiiXArwB1cGS1uSIfXqQD3PkJqszLHWfJEO4sxt/H81xSuYw==
/wE1NC1xe6ID4vNiwAyoENgLmT0TlGoPs6AYVmGe89TWSlsAJs+BpPo+166jsQ04MIDkRyAQRv3MQO81YwaPXcbHwLcngbZtq23LG3mNeivaEAkTlEdGZUcdca4E
slgjDIu3W7ODMtLWD8V3gx+zeuFcYXO7qSFU1IL+N7/9P08j3jWEAqvpQj2fdbfaxRWOe+44BfPY79IVkyVtrhg=
AcbbipaJJISMK8G/bTtP19UZ8VxKed2Ra0mNb9omjcWUZVk5QboymQ3keJSjQ54jhM31yRuubg==
QhU9PTuoGcibDCQ2eKMr2gD99X7MadRFxHagMnKjp2cy61JYFU/YvO0g4VGONH+rWXwPQo4TS0owJQo42/fJywGAL2iuHw==
/BbtdH4I6MMpQIyx31HJXg799X7MadRFxHagMnKjp2cy61JYFU/YvO0g4VGONH+rWXwPQowTS0owJQo42/fJywGAL2iuHw==
F/jy0swSxZZNhtJm0UhlUA7qNaRbYnS9ozAaxpi4PbXodg1Rm2PcFqvpQj2fdbfSxBWLfO44BfPY79IVkyVtrhg=
iVPgOjXGcogMTOBwzac0W29+3sE1llkjUnAjZ1b81LpaEBQX19CDk3PgAvBa+qTcqHigETUUZuvSo2JAFVfo9A2ocanODG+jebR/2g6JuwIQLRoAG49ZQ2FIH3CuBw==
3HjWER/nRp56AC5tsS9WY0YGbMWOjqeGI7xdbkKNlRw8Hs50e3WuuluJPc9qph1lxKUJGVG+J3ldJCh0M8Puw/QNhSlrrh4=
BsRaB9hgAgKEodIIOkdB86+DswnrnXZ+4Mn+Wj5TE53w4Sp8akM93XXKBR6nLPkmjq2ZFFguCgzn9TJCH7nZx2aGUa1gNY2B7X5aYVg0zDx/I2JLUH1BEXeuAg==
/b7aZB+IYy6qpCEBd7xOgJxAiHZWgS9R5fNmSXjWuMuFEQZQXND825sx06qj8gF0L4r4HW9YDvbMQKE1dA7ZYY+LkLYngbZtq23LGXiNfSzaEAkTlEdGZUcdca4E
wGHPS0MpIEO5wXwRL6SdhiZ2igjYtZimob+XJwpln8rWyRllKreXTu+E+lLAckDC3KfFRjI1CukuhtUVLDpF8q1/nj6bnQGek/xtap9uONcmdiudTV15QhN2rgU=
fD07GR4FR7TjV09QX6d3TDdYmbIdCRRun8DwQuACgHK8N0XW0oVKGQ6W1QUMygVCTe8ervstwe6z7G58vx74Z0bmqw2t7TmyM2auFQ==
/eDRGlgREYchJzX/LLZ2PzZYmbIdCRRun8DwQuACgHK8N0XW0oVKGQ6W1QUMygVCTe8ervstwe6z7Gt9vx74Z0bmqw2t7TmyM2auFQ==
RLAVs8Kb7IVQ4tprAaUDyUuus2radNQUiHCwKXXs9mMy61JYFU/YvO0g4VGONH+rWXwPQokXS0gwJQo42/fJywGAL2iuHw==
zk02PB3ci+H8wzfJkqOY2kzAi7BkEwWn6HfjdREKLXa7HPU+us1NLBT+tmRzdaaqo+kV/zJmZbVsBZFp2T2uycfEQKSLgzazHC29OWOuFg==
0UUQo2vZfDs40jv8dWGNNNgLmT0TlGoPs6AYVmGe89TWSlsAJs+BpPo+166jsQ04MIDkRyAQRv3MQO81YwaPXcbHwLcngbZtq23LGHyNeyzaEAkTlEdGZUcdca4E
neJQpkaIJqUsflWJvfbyPR+zeuFcYXO7qSFU1IL+N7/9P08j3jWEAqvpQj2fdbffwBWPfO44BfPY79IVkyVtrhg=
L/j7nmDlTX7gAt9pR3siLq1hOyoHInlUJ5oQXceohlYUMLk1bP6BwQf7OHZPkb5NUz1zkwFdQkzSACHT/PfOBZ8taa4c
H+w7r0hLBzuCN53PMh1oh1dW/rVaLGDZsMYj4lr8ROzoqABhtaQGOxLTQlAVR8iEzXgRGU58z3M5hJ/KCpvbN9B9uvCbP7kTIbg/YK4X
XP3FVtZIPgj0n7pC+gJ/vCB0Z2RX/8WwN34uzZqUMDEQbtN62mQ0REjA0Nn1XFYT8rtySBVf+OwtUEHhDsQfG5ks71KPAyufcJXqSFtHaTtBUA94rg8=
rSsKSNSNFLSC3HiDs+bXec//WQSU2SHXfcbpHTjVhXGF+vVRVxQUTIdjelto3cnBH65q
4ItsSP1h60VeUWISUxiWq9UZ8VxKed2RaEmNb9kmjcWUZVk5QbgxmQvkeJSjQ54jhM31yRuubg==
0QofxoJNfUs68dAncEy5hw799X7MadRFxHagMnKjp2cy61JYFU/Yv+0g4VKONH+rWXwPQo8QS0wwJQo42/fJywGAL2iuHw==
YJM5Anmln879EdDeU9QlwkYGbMWOjqeGI7xdbkKNlRw8Hs50e3WuuliJPc9pph1lxKUJGVG/IXlbJCh0M8Puw/QNhSlrrh4=
BLW30+Rbf4Up6RRKjQwu6a+DswnrnXZ+4Mn+Wj5TE5Xw4Sp8akM93XXKBR6nLPkmjq2ZFFguCgzn9TJCHLnZx2WGUa1gNY2B7X9dYV80zDx/I2JLUH1BEXeuAg==
Cny+OPLwG0hJ6U9EiKguD5xAiHZWgS9R5fNmSXjWuMuFEQZTXND825sx06qj8gF0L4r4HW9YDvbMQKE1dA7aYY+Lk7YngbZtq23LH3uNeSzaEAkTlEdGZUcdca4E
bGyZl8iDzMRV/VA/yj0TCCZ2igjYtZimob+XJwpln8rWyRllKreXTu+E+lLAckDC3KfFRjI1CukuhtUVLDlF8q18nj6bnQGek/xvap9qONcmdiudTV15QhN2rgU=
OKC1dJNs4XpHiz8w80LrFjdYmbIdCRRun8DwQuACgHK8N0XW0oVKGQ6W1QUMyQVCTewervstwe6z7G96vxr4Z0bmqw2t7TmyM2auFQ==
+XYGaPLOCwUEg87jW8EDfDZYmbIdCRRun8DwQuACgHK8N0XW0oVKGQ6W1QUMyQVCTewervstwe6z7G96vxr4Z0bmqw2t7TmyM2auFQ==
46Vky028zGozEgVDXg2N3EzAi7BkEwWn6HfjdREKLXa7HPU+us1NLBT+tmRzdaaqoOkV/zFmZbVsBZFp2T+pycPEQKSLgzazHC29OWOuFg==
eDQYVweP/5VL0meAPEox7kwk54x6XL+9VcppPndsKYYeLSm0qG467Pf1IiIsealn1QbBDTD13aEdf22BD/QcXO+jEqvgPbExZ64S
dYwZWdkaKLfsowBHlVu/G8//WQSV2SHXfMbpHTjVhXGF+/NRVxQUTIdjelto3cnBH65q
o4xtVyCjZOBzmrOZc/YGhNUZ8VxKed2RaUmNb9gmjcWUZVk5Qbo3mQvkeJSjQ54jhM31yRuubg==
uDdy9XzPODpfL9yU/De16w799X7MadRFxHagMnKjp2cy61JYFU/Yvu0g4VOONH+rWXwPQogWS0wwJQo42/fJywGAL2iuHw==
ORXcIYs3vIteyD/HPio+eEYGbMWOjqeGI7xdbkKNlRw8Hs50e3WuulmJPc9oph1lxKUJGVG4J3lbJCh0M8Puw/QNhSlrrh4=
sXdtJSfG3b2tb0aebuaYmK+DswnrnXZ+4Mn+Wj5TE53w4Sp8akM93XXKBR6nLPkmjq2ZFFguCgzn9TJCHbnZx2SGUa1gNY2B7XhbYV80zDx/I2JLUH1BEXeuAg==
Vo3zkeeofW+IH2brBml4tZxAiHZWgS9R5fNmSXjWuMuFEQZSXND825sx06qj8gF0L4r4HW9YDvbMQKE1dA7bYY+LkrYngbZtq23LGH2NeSzaEAkTlEdGZUcdca4E
giU9Li77616avQrJ77FbeK+DswnrnXZ+4Mn+Wj5TE5nw4Sp8akM93XXKBR6nLPkmjq2ZFFguCgzn9TJCHbnZx2SGUa1gNY2B7XhbYV80zDx/I2JLUH1BEXeuAg==
P1++pBQIj/9ZPw9gx05BUDdYmbIdCRRun8DwQuACgHK8N0XW0oVKGQ6W1QUMyAVCTe0ervstwe6z7Gh8vxr4Z0bmqw2t7TmyM2auFQ==
jg/E/UP6YF21OqbtmiQMtzZYmbIdCRRun8DwQuACgHK8N0XW0oVKGQ6W1QUMyAVCTe0ervstwe6z7Gh8vxr4Z0bmqw2t7TmyM2auFQ==
XIIISiXhnIWACmqdy8GQqEzAi7BkEwWn6HfjdREKLXa7HPU+us1NLBT+tmRzdaaqoekV/zBmZbVsBZFp2TivycPEQKSLgzazHC29OWOuFg==
uKN0Uzxso2YFR4Jiw8wAJ0wk54x6XL+9VcppPndsKYYeLSm0qG467Pf1IiItealn1AbBDTD13aEdf2uBD/QcXO+jEqvgPbExZ64S
Sb6TksBJbG+7BThn4beFN8//WQSS2SHXe8bpHTjVhXGF+/JRVxQUTIdjelto3cnBH65q
ITREZmM0n0YKH+NqmKfzPtUZ8VxKed2RbkmNb98mjcWUZVk5Qbo2mQvkeJSjQ54jhM31yRuubg==
29pJn8elIzc6le4KkbCfqQ799X7MadRFxHagMnKjp2cy61JYFU/Yue0g4VSONH+rWXwPQogXS0wwJQo42/fJywGAL2iuHw==
VkGmNJfMq/3Lxw9CNtwSkkYGbMWOjqeGI7xdbkKNlRw8Hs50e3Wuul6JPc9vph1lxKUJGVG4JnlbJCh0M8Puw/QNhSlrrh4=
aW3FO0h8WTlX0OVxajf6H6+DswnrnXZ+4Mn+Wj5TE5Xw4Sp8akM93XXKBR6nLPkmjq2ZFFguCgzn9TJCGrnZx2OGUa1gNY2B7XhaYV80zDx/I2JLUH1BEXeuAg==
q1bxyF7ExtfPw9g36lwVeZxAiHZWgS9R5fNmSXjWuMuFEQZVXND825sx06qj8gF0L4r4HW9YDvbMQKE1dA7cYY+LlbYngbZtq23LGHyNeSzaEAkTlEdGZUcdca4E
1dwDINY1ATMRVrIpVGF7sa+DswnrnXZ+4Mn+Wj5TE5nw4Sp8akM93XXKBR6nLPkmjq2ZFFguCgzn9TJCGrnZx2OGUa1gNY2B7XhaYV80zDx/I2JLUH1BEXeuAg==
YtYnrXsHPZQuIE5B7djzNjdYmbIdCRRun8DwQuACgHK8N0XW0oVKGQ6W1QUMzwVCTeoervstwe6z7Gh9vxr4Z0bmqw2t7TmyM2auFQ==
87ij/bJp+ifOLpNoSu18kjZYmbIdCRRun8DwQuACgHK8N0XW0oVKGQ6W1QUMzwVCTeoervstwe6z7Gh9vxr4Z0bmqw2t7TmyM2auFQ==
hMZBPnGzeCyba+d2x6ojDEzAi7BkEwWn6HfjdREKLXa7HPU+us1NLBT+tmRzdaaqpukV/zdmZbVsBZFp2TiuycPEQKSLgzazHC29OWOuFg==
iAZ60ggsrPnIxeUcIsftl0wk54x6XL+9VcppPndsKYYeLSm0qG467Pf1IiIqealn0wbBDTD13aEdeGqBD/QcXO+jEqvgPbExZ64S
YdDIKd64KikBOU+W+l3dDHIY2/sKQEdnnMDwSOACgHK8N0XW0oVKGQ6W1QUMzwVCTeoervstwe6z7G15vxz5Z0bmqw2t7TmyM2auFQ==
